<?xml version="1.0" encoding="UTF-8"?>
<testng-results skipped="0" failed="0" total="1" passed="1">
  <reporter-output>
  </reporter-output>
  <suite name="Default suite" duration-ms="4421" started-at="2019-07-21T18:43:12Z" finished-at="2019-07-21T18:43:16Z">
    <groups>
    </groups>
    <test name="Default test" duration-ms="4421" started-at="2019-07-21T18:43:12Z" finished-at="2019-07-21T18:43:16Z">
      <class name="RestassuredAutomation.RestassuredAutomation.TC002_POST_Request">
        <test-method status="PASS" signature="RegistrationSuccessful()[pri:0, instance:RestassuredAutomation.RestassuredAutomation.TC002_POST_Request@357246de]" name="RegistrationSuccessful" duration-ms="4401" started-at="2019-07-22T00:13:12Z" finished-at="2019-07-22T00:13:16Z">
          <reporter-output>
          </reporter-output>
        </test-method> <!-- RegistrationSuccessful -->
      </class> <!-- RestassuredAutomation.RestassuredAutomation.TC002_POST_Request -->
    </test> <!-- Default test -->
  </suite> <!-- Default suite -->
</testng-results>
